{"message":"Server listening on port 3000","level":"info"}
{"message":"Server listening on port 3000","level":"info"}
{"message":"Server listening on port 3000","level":"info"}
{"errno":-2,"code":"ENOENT","syscall":"stat","path":"/Users/chang/Sites/test/poster-wall-server/public/index.html","expose":false,"statusCode":404,"status":404,"level":"error"}
{"errno":-2,"code":"ENOENT","syscall":"stat","path":"/Users/chang/Sites/test/poster-wall-server/public/index.html","expose":false,"statusCode":404,"status":404,"level":"error"}
{"message":"Server listening on port 3000","level":"info"}
{"message":"user connected","level":"info"}
{"message":"user disconnected","level":"info"}
{"message":"user connected","level":"info"}
{"message":"user disconnected","level":"info"}
{"message":"user connected","level":"info"}
{"message":"user disconnected","level":"info"}
{"message":"user connected","level":"info"}
{"message":"user disconnected","level":"info"}
{"message":"user connected","level":"info"}
{"message":"user disconnected","level":"info"}
{"message":"user connected","level":"info"}
{"message":"user disconnected","level":"info"}
{"message":"user connected","level":"info"}
{"message":"user disconnected","level":"info"}
{"message":"user connected","level":"info"}
{"message":"user disconnected","level":"info"}
{"message":"user connected","level":"info"}
{"message":"user disconnected","level":"info"}
{"message":"user connected","level":"info"}
{"message":"user disconnected","level":"info"}
{"message":"user connected","level":"info"}
{"message":"user disconnected","level":"info"}
{"message":"user connected","level":"info"}
{"message":"user disconnected","level":"info"}
{"message":"user connected","level":"info"}
{"message":"user disconnected","level":"info"}
{"message":"user connected","level":"info"}
{"message":"user disconnected","level":"info"}
{"message":"user connected","level":"info"}
{"message":"user disconnected","level":"info"}
{"message":"user connected","level":"info"}
{"message":"user disconnected","level":"info"}
{"message":"user connected","level":"info"}
{"message":"user disconnected","level":"info"}
{"message":"user connected","level":"info"}
{"message":"user disconnected","level":"info"}
{"message":"user connected","level":"info"}
{"message":"user disconnected","level":"info"}
{"message":"user connected","level":"info"}
{"message":"Server listening on port 3000","level":"info"}
{"message":"user connected","level":"info"}
{"message":"user disconnected","level":"info"}
{"message":"user connected","level":"info"}
{"message":"Server listening on port 3000","level":"info"}
{"message":"user connected","level":"info"}
{"message":"user disconnected","level":"info"}
{"message":"user connected","level":"info"}
{"message":"user disconnected","level":"info"}
{"message":"user connected","level":"info"}
{"message":"user disconnected","level":"info"}
{"message":"user connected","level":"info"}
{"message":"user disconnected","level":"info"}
{"message":"user connected","level":"info"}
{"message":"user disconnected","level":"info"}
{"message":"user connected","level":"info"}
{"message":"user disconnected","level":"info"}
{"message":"user connected","level":"info"}
{"message":"user disconnected","level":"info"}
{"message":"user connected","level":"info"}
{"message":"user disconnected","level":"info"}
{"message":"user connected","level":"info"}
{"message":"user disconnected","level":"info"}
{"message":"user connected","level":"info"}
{"message":"user disconnected","level":"info"}
{"message":"user connected","level":"info"}
{"message":"user disconnected","level":"info"}
{"message":"user connected","level":"info"}
{"message":"user disconnected","level":"info"}
{"message":"user connected","level":"info"}
{"message":"user disconnected","level":"info"}
{"message":"user connected","level":"info"}
{"message":"Server listening on port 3000","level":"info"}
{"message":"user connected","level":"info"}
{"message":"user disconnected","level":"info"}
{"message":"user connected","level":"info"}
{"message":"user disconnected","level":"info"}
{"message":"user connected","level":"info"}
{"message":"user disconnected","level":"info"}
{"message":"user connected","level":"info"}
{"message":"user disconnected","level":"info"}
{"message":"user connected","level":"info"}
{"message":"user disconnected","level":"info"}
{"message":"user connected","level":"info"}
{"message":"user disconnected","level":"info"}
{"message":"user connected","level":"info"}
{"message":"Server listening on port 3000","level":"info"}
{"message":"user connected","level":"info"}
{"message":"user disconnected","level":"info"}
{"message":"user connected","level":"info"}
{"message":"user disconnected","level":"info"}
{"message":"user connected","level":"info"}
{"message":"user disconnected","level":"info"}
{"message":"user connected","level":"info"}
{"message":"user disconnected","level":"info"}
{"message":"user connected","level":"info"}
{"message":"user disconnected","level":"info"}
{"message":"user connected","level":"info"}
{"message":"user disconnected","level":"info"}
{"message":"user connected","level":"info"}
{"message":"user disconnected","level":"info"}
{"message":"user connected","level":"info"}
{"message":"user disconnected","level":"info"}
{"message":"user connected","level":"info"}
{"message":"user disconnected","level":"info"}
{"message":"user connected","level":"info"}
{"message":"user disconnected","level":"info"}
{"message":"user connected","level":"info"}
{"message":"user disconnected","level":"info"}
{"message":"user connected","level":"info"}
{"message":"user disconnected","level":"info"}
{"message":"user connected","level":"info"}
{"message":"user disconnected","level":"info"}
{"message":"user connected","level":"info"}
{"message":"Server listening on port 3000","level":"info"}
{"message":"user connected","level":"info"}
{"message":"user disconnected","level":"info"}
{"message":"user connected","level":"info"}
{"message":"user disconnected","level":"info"}
{"message":"user connected","level":"info"}
{"message":"user disconnected","level":"info"}
{"message":"user connected","level":"info"}
{"message":"user disconnected","level":"info"}
{"message":"user connected","level":"info"}
{"message":"user disconnected","level":"info"}
{"message":"user connected","level":"info"}
{"message":"user disconnected","level":"info"}
{"message":"user connected","level":"info"}
{"message":"user disconnected","level":"info"}
{"message":"user connected","level":"info"}
{"message":"user disconnected","level":"info"}
{"message":"user connected","level":"info"}
{"message":"Server listening on port 3000","level":"info"}
{"message":"user connected","level":"info"}
{"message":"user disconnected","level":"info"}
{"message":"user connected","level":"info"}
{"message":"user disconnected","level":"info"}
{"message":"user connected","level":"info"}
{"message":"user disconnected","level":"info"}
{"message":"user connected","level":"info"}
{"message":"Server listening on port 3000","level":"info"}
{"message":"user connected","level":"info"}
{"message":"user disconnected","level":"info"}
{"message":"user connected","level":"info"}
{"message":"user disconnected","level":"info"}
{"message":"user connected","level":"info"}
{"message":"user disconnected","level":"info"}
{"message":"user connected","level":"info"}
{"message":"user disconnected","level":"info"}
{"message":"user connected","level":"info"}
{"message":"user disconnected","level":"info"}
{"message":"user connected","level":"info"}
{"message":"user disconnected","level":"info"}
{"message":"user connected","level":"info"}
{"message":"user disconnected","level":"info"}
{"message":"user connected","level":"info"}
{"message":"Server listening on port 3000","level":"info"}
{"message":"user connected","level":"info"}
{"message":"user disconnected","level":"info"}
{"message":"user connected","level":"info"}
{"message":"user disconnected","level":"info"}
{"message":"user connected","level":"info"}
{"message":"user disconnected","level":"info"}
{"message":"user connected","level":"info"}
{"message":"user disconnected","level":"info"}
{"message":"user connected","level":"info"}
{"message":"Server listening on port 3000","level":"info"}
{"message":"user connected","level":"info"}
{"message":"user disconnected","level":"info"}
{"message":"user connected","level":"info"}
{"message":"Server listening on port 3000","level":"info"}
{"message":"user connected","level":"info"}
{"message":"user disconnected","level":"info"}
{"message":"user connected","level":"info"}
{"message":"user disconnected","level":"info"}
{"message":"user connected","level":"info"}
{"message":"Server listening on port 3000","level":"info"}
{"message":"user connected","level":"info"}
{"message":"user disconnected","level":"info"}
{"message":"user connected","level":"info"}
{"message":"Server listening on port 3000","level":"info"}
{"message":"user connected","level":"info"}
{"message":"Server listening on port 3000","level":"info"}
{"message":"user connected","level":"info"}
{"message":"Server listening on port 3000","level":"info"}
{"message":"user connected","level":"info"}
{"message":"got route","level":"info"}
{"message":"got route","level":"info"}
{"message":"got route","level":"info"}
{"message":"got route","level":"info"}
{"message":"got pattern: pulse","level":"info"}
{"message":"got route","level":"info"}
{"message":"got route","level":"info"}
{"message":"got pattern: pat","level":"info"}
{"message":"got route","level":"info"}
{"message":"got route","level":"info"}
{"message":"got pattern: pulse","level":"info"}
{"message":"Server listening on port 3000","level":"info"}
{"message":"got route","level":"info"}
{"message":"got pattern: pulse","level":"info"}
{"message":"user connected","level":"info"}
{"message":"Server listening on port 3000","level":"info"}
{"message":"got route","level":"info"}
{"message":"user connected","level":"info"}
{"message":"got route","level":"info"}
{"message":"got pattern: pulse","level":"info"}
{"message":"Server listening on port 3000","level":"info"}
{"message":"user connected","level":"info"}
{"message":"user disconnected","level":"info"}
{"message":"user connected","level":"info"}
{"message":"got route","level":"info"}
{"message":"got pattern: pulse","level":"info"}
{"message":"Server listening on port 3000","level":"info"}
{"message":"user connected","level":"info"}
{"message":"user disconnected","level":"info"}
{"message":"user connected","level":"info"}
{"message":"got route","level":"info"}
{"message":"got pattern: pattern","level":"info"}
{"message":"user disconnected","level":"info"}
{"message":"user connected","level":"info"}
{"message":"user connected","level":"info"}
{"message":"got route","level":"info"}
{"message":"got pattern: pulse","level":"info"}
{"message":"user connected","level":"info"}
{"message":"user connected","level":"info"}
{"message":"user connected","level":"info"}
{"message":"user connected","level":"info"}
{"message":"user connected","level":"info"}
{"message":"user connected","level":"info"}
{"message":"user connected","level":"info"}
{"message":"user connected","level":"info"}
{"message":"Server listening on port 3000","level":"info"}
{"message":"user connected","level":"info"}
{"message":"Server listening on port 3000","level":"info"}
{"message":"user connected","level":"info"}
{"message":"got pattern: pulse","level":"info"}
{"message":"got pattern: spotlight","level":"info"}
{"message":"got pattern: off","level":"info"}
{"message":"got pattern: pulse","level":"info"}
{"message":"Server listening on port 3000","level":"info"}
{"message":"user connected","level":"info"}
{"message":"got pattern: pulse","level":"info"}
{"message":"invalid pattern/command: du","level":"warn"}
{"message":"got pattern: du","level":"info"}
{"message":"Server listening on port 3000","level":"info"}
{"message":"invalid pattern/command: du","level":"warn"}
{"message":"user connected","level":"info"}
{"message":"Server listening on port 3000","level":"info"}
{"message":"user connected","level":"info"}
{"message":"invalid pattern/command: du","level":"warn"}
{"message":"got pattern: pulse","level":"info"}
{"message":"Server listening on port 3000","level":"info"}
{"message":"user connected","level":"info"}
{"message":"Server listening on port 3000","level":"info"}
{"message":"got command: off","level":"info"}
{"message":"user connected","level":"info"}
{"message":"Server listening on port 3000","level":"info"}
{"message":"user connected","level":"info"}
{"message":"user disconnected","level":"info"}
{"message":"user connected","level":"info"}
{"message":"got pattern: pulse","level":"info"}
{"message":"got command: off","level":"info"}
{"message":"got pattern: pulse","level":"info"}
{"message":"got command: off","level":"info"}
{"message":"user disconnected","level":"info"}
{"message":"user connected","level":"info"}
{"message":"got pattern: pulse","level":"info"}
{"message":"user disconnected","level":"info"}
{"message":"user connected","level":"info"}
{"message":"user disconnected","level":"info"}
{"message":"user connected","level":"info"}
{"message":"got command: off","level":"info"}
{"message":"got pattern: pulse","level":"info"}
{"message":"got pattern: spotlight","level":"info"}
{"message":"user disconnected","level":"info"}
{"message":"user connected","level":"info"}
{"message":"user disconnected","level":"info"}
{"message":"user connected","level":"info"}
{"message":"user disconnected","level":"info"}
{"message":"Server listening on port 3000","level":"info"}
{"message":"Server listening on port 3000","level":"info"}
{"message":"Server listening on port 3000","level":"info"}
{"message":"Server listening on port 3000","level":"info"}
{"message":"Server listening on port 3000","level":"info"}
{"message":"Server listening on port 3000","level":"info"}
{"message":"Server listening on port 3000","level":"info"}
{"message":"user connected","level":"info"}
{"message":"user disconnected","level":"info"}
{"message":"user connected","level":"info"}
{"message":"user disconnected","level":"info"}
{"message":"user connected","level":"info"}
{"message":"Server listening on port 3000","level":"info"}
{"message":"user connected","level":"info"}
